Using pre-set license
Built from '2021.3/china_unity/release' branch; Version is '2021.3.10f1c2 (5a059dbcdda5) revision 5899677'; Using compiler version '192829333'; Build Type 'Release'
OS: 'Windows 10  (10.0.19044) 64bit CoreCountrySpecific' Language: 'zh' Physical Memory: 16251 MB
BatchMode: 1, IsHumanControllingUs: 0, StartBugReporterOnCrash: 0, Is64bit: 1, IsPro: 1

COMMAND LINE ARGUMENTS:
D:\UnityHub\UnityEditor\2021.3.10f1c2\Editor\Unity.exe
-adb2
-batchMode
-noUpm
-name
AssetImportWorker0
-projectPath
D:/Unityproject/Avatar
-logFile
Logs/AssetImportWorker0.log
-srvPort
52004
Successfully changed project path to: D:/Unityproject/Avatar
D:/Unityproject/Avatar
[UnityMemory] Configuration Parameters - Can be set up in boot.config
    "memorysetup-bucket-allocator-granularity=16"
    "memorysetup-bucket-allocator-bucket-count=8"
    "memorysetup-bucket-allocator-block-size=33554432"
    "memorysetup-bucket-allocator-block-count=8"
    "memorysetup-main-allocator-block-size=16777216"
    "memorysetup-thread-allocator-block-size=16777216"
    "memorysetup-gfx-main-allocator-block-size=16777216"
    "memorysetup-gfx-thread-allocator-block-size=16777216"
    "memorysetup-cache-allocator-block-size=4194304"
    "memorysetup-typetree-allocator-block-size=2097152"
    "memorysetup-profiler-bucket-allocator-granularity=16"
    "memorysetup-profiler-bucket-allocator-bucket-count=8"
    "memorysetup-profiler-bucket-allocator-block-size=33554432"
    "memorysetup-profiler-bucket-allocator-block-count=8"
    "memorysetup-profiler-allocator-block-size=16777216"
    "memorysetup-profiler-editor-allocator-block-size=1048576"
    "memorysetup-temp-allocator-size-main=16777216"
    "memorysetup-job-temp-allocator-block-size=2097152"
    "memorysetup-job-temp-allocator-block-size-background=1048576"
    "memorysetup-job-temp-allocator-reduction-small-platforms=262144"
    "memorysetup-temp-allocator-size-background-worker=32768"
    "memorysetup-temp-allocator-size-job-worker=262144"
    "memorysetup-temp-allocator-size-preload-manager=33554432"
    "memorysetup-temp-allocator-size-nav-mesh-worker=65536"
    "memorysetup-temp-allocator-size-audio-worker=65536"
    "memorysetup-temp-allocator-size-cloud-worker=32768"
    "memorysetup-temp-allocator-size-gi-baking-worker=262144"
    "memorysetup-temp-allocator-size-gfx=262144"
AS: AutoStreaming module initializing.
Refreshing native plugins compatible for Editor in 94.87 ms, found 3 plugins.
Preloading 0 native plugins for Editor in 0.00 ms.
Initialize engine version: 2021.3.10f1c2 (5a059dbcdda5)
[Subsystems] Discovering subsystems at path D:/UnityHub/UnityEditor/2021.3.10f1c2/Editor/Data/Resources/UnitySubsystems
[Subsystems] Discovering subsystems at path D:/Unityproject/Avatar/Assets
GfxDevice: creating device client; threaded=0; jobified=0
Direct3D:
    Version:  Direct3D 11.0 [level 11.1]
    Renderer: NVIDIA GeForce GTX 1650 Ti (ID=0x1f95)
    Vendor:   NVIDIA
    VRAM:     3962 MB
    Driver:   30.0.15.1259
Initialize mono
Mono path[0] = 'D:/UnityHub/UnityEditor/2021.3.10f1c2/Editor/Data/Managed'
Mono path[1] = 'D:/UnityHub/UnityEditor/2021.3.10f1c2/Editor/Data/MonoBleedingEdge/lib/mono/unityjit-win32'
Mono config path = 'D:/UnityHub/UnityEditor/2021.3.10f1c2/Editor/Data/MonoBleedingEdge/etc'
Using monoOptions --debugger-agent=transport=dt_socket,embedding=1,server=y,suspend=n,address=127.0.0.1:56080
Begin MonoManager ReloadAssembly
Registering precompiled unity dll's ...
Register platform support module: D:/UnityHub/UnityEditor/2021.3.10f1c2/Editor/Data/PlaybackEngines/WebGLSupport/UnityEditor.WebGL.Extensions.dll
Register platform support module: D:/UnityHub/UnityEditor/2021.3.10f1c2/Editor/Data/PlaybackEngines/AndroidPlayer/UnityEditor.Android.Extensions.dll
Register platform support module: D:/UnityHub/UnityEditor/2021.3.10f1c2/Editor/Data/PlaybackEngines/WindowsStandaloneSupport/UnityEditor.WindowsStandalone.Extensions.dll
Registered in 0.007660 seconds.
Native extension for WindowsStandalone target not found
Native extension for Android target not found
Native extension for WebGL target not found
Refreshing native plugins compatible for Editor in 93.55 ms, found 3 plugins.
Preloading 0 native plugins for Editor in 0.00 ms.
Mono: successfully reloaded assembly
- Completed reload, in  0.767 seconds
Domain Reload Profiling:
	ReloadAssembly (767ms)
		BeginReloadAssembly (117ms)
			ExecutionOrderSort (0ms)
			DisableScriptedObjects (0ms)
			BackupInstance (0ms)
			ReleaseScriptingObjects (0ms)
			CreateAndSetChildDomain (1ms)
		EndReloadAssembly (527ms)
			LoadAssemblies (116ms)
			RebuildTransferFunctionScriptingTraits (0ms)
			SetupTypeCache (127ms)
			ReleaseScriptCaches (0ms)
			RebuildScriptCaches (31ms)
			SetupLoadedEditorAssemblies (308ms)
				LogAssemblyErrors (0ms)
				InitializePlatformSupportModulesInManaged (61ms)
				SetLoadedEditorAssemblies (0ms)
				RefreshPlugins (94ms)
				BeforeProcessingInitializeOnLoad (1ms)
				ProcessInitializeOnLoadAttributes (104ms)
				ProcessInitializeOnLoadMethodAttributes (48ms)
				AfterProcessingInitializeOnLoad (0ms)
				EditorAssembliesLoaded (0ms)
			ExecutionOrderSort2 (0ms)
			AwakeInstancesAfterBackupRestoration (0ms)
Platform modules already initialized, skipping
Registering precompiled user dll's ...
Registered in 0.019506 seconds.
Begin MonoManager ReloadAssembly
Symbol file LoadedFromMemory doesn't match image D:\Unityproject\Avatar\Library\PackageCache\com.unity.visualscripting@1.7.8\Editor\VisualScripting.Core\Dependencies\YamlDotNet\Unity.VisualScripting.YamlDotNet.dll
Symbol file LoadedFromMemory doesn't match image D:\Unityproject\Avatar\Library\PackageCache\com.unity.visualscripting@1.7.8\Editor\VisualScripting.Core\Dependencies\DotNetZip\Unity.VisualScripting.IonicZip.dll
Native extension for WindowsStandalone target not found
Native extension for Android target not found
Native extension for WebGL target not found
Refreshing native plugins compatible for Editor in 0.56 ms, found 3 plugins.
Preloading 0 native plugins for Editor in 0.00 ms.
Mono: successfully reloaded assembly
- Completed reload, in  1.212 seconds
Domain Reload Profiling:
	ReloadAssembly (1212ms)
		BeginReloadAssembly (232ms)
			ExecutionOrderSort (0ms)
			DisableScriptedObjects (6ms)
			BackupInstance (0ms)
			ReleaseScriptingObjects (0ms)
			CreateAndSetChildDomain (130ms)
		EndReloadAssembly (866ms)
			LoadAssemblies (121ms)
			RebuildTransferFunctionScriptingTraits (0ms)
			SetupTypeCache (277ms)
			ReleaseScriptCaches (1ms)
			RebuildScriptCaches (53ms)
			SetupLoadedEditorAssemblies (384ms)
				LogAssemblyErrors (0ms)
				InitializePlatformSupportModulesInManaged (15ms)
				SetLoadedEditorAssemblies (0ms)
				RefreshPlugins (1ms)
				BeforeProcessingInitializeOnLoad (98ms)
				ProcessInitializeOnLoadAttributes (230ms)
				ProcessInitializeOnLoadMethodAttributes (33ms)
				AfterProcessingInitializeOnLoad (6ms)
				EditorAssembliesLoaded (0ms)
			ExecutionOrderSort2 (0ms)
			AwakeInstancesAfterBackupRestoration (6ms)
Platform modules already initialized, skipping
========================================================================
Worker process is ready to serve import requests
Launched and connected shader compiler UnityShaderCompiler.exe after 0.04 seconds
Refreshing native plugins compatible for Editor in 0.95 ms, found 3 plugins.
Preloading 0 native plugins for Editor in 0.00 ms.
Unloading 3382 Unused Serialized files (Serialized files now loaded: 0)
Unloading 27 unused Assets / (113.9 KB). Loaded Objects now: 3842.
Memory consumption went from 117.4 MB to 117.2 MB.
Total: 4.486000 ms (FindLiveObjects: 0.328900 ms CreateObjectMapping: 0.285500 ms MarkObjects: 3.459700 ms  DeleteObjects: 0.410600 ms)

AssetImportParameters requested are different than current active one (requested -> active):
  custom:video-decoder-ogg-theora: a1e56fd34408186e4bbccfd4996cb3dc -> 
  custom:container-muxer-webm: aa71ff27fc2769a1b78a27578f13a17b -> 
  custom:container-demuxer-webm: 4f35f7cbe854078d1ac9338744f61a02 -> 
  custom:video-encoder-webm-vp8: eb34c28f22e8b96e1ab97ce403110664 -> 
  custom:video-codec-MediaFoundation-h265: 746d11721c4dcdbdad8f713fa42b33f4 -> 
  custom:audio-encoder-webm-vorbis: bf7c407c2cedff20999df2af8eb42d56 -> 
  custom:framework-win-MediaFoundation: 216162199b28c13a410421893ffa2e32 -> 
  custom:container-demuxer-ogg: 62fdf1f143b41e24485cea50d1cbac27 -> 
  custom:video-decoder-webm-vp8: 9c59270c3fd7afecdb556c50c9e8de78 -> 
  custom:audio-decoder-ogg-vorbis: bf7c407c2cedff20999df2af8eb42d56 -> 
========================================================================
Received Import Request.
  Time since last request: 79537.184327 seconds.
  path: Assets/KPOP_Ryu/Textures/T_RYU_PERF_CLOTHES_BaseColor_Black.png
  artifactKey: Guid(8b07afa26e735b24daa05e3321326ecd) Importer(815301076,1909f56bfc062723c751e8b465ee728b)
Start importing Assets/KPOP_Ryu/Textures/T_RYU_PERF_CLOTHES_BaseColor_Black.png using Guid(8b07afa26e735b24daa05e3321326ecd) Importer(815301076,1909f56bfc062723c751e8b465ee728b)  -> (artifact id: '966781250239cf52be5eee8b44e9e914') in 0.147069 seconds 
========================================================================
Received Import Request.
  Time since last request: 0.000024 seconds.
  path: Assets/KPOP_Ryu/Textures/T_RYU_BODY_MetallicSmoothness.png
  artifactKey: Guid(e484e50389ce43d4692411d33b524c20) Importer(815301076,1909f56bfc062723c751e8b465ee728b)
Start importing Assets/KPOP_Ryu/Textures/T_RYU_BODY_MetallicSmoothness.png using Guid(e484e50389ce43d4692411d33b524c20) Importer(815301076,1909f56bfc062723c751e8b465ee728b)  -> (artifact id: '00c71aa9bd0310207db3dad67656abc4') in 0.061034 seconds 
========================================================================
Received Import Request.
  Time since last request: 0.000039 seconds.
  path: Assets/KPOP_Ryu/Textures/T_RYU_HAIR_WAVY_ID.png
  artifactKey: Guid(907f5c75c8622e249840a6c877a3bd8a) Importer(815301076,1909f56bfc062723c751e8b465ee728b)
Start importing Assets/KPOP_Ryu/Textures/T_RYU_HAIR_WAVY_ID.png using Guid(907f5c75c8622e249840a6c877a3bd8a) Importer(815301076,1909f56bfc062723c751e8b465ee728b)  -> (artifact id: '18d46bdfb8f56c0f849b124292cf20f4') in 0.045861 seconds 
========================================================================
Received Import Request.
  Time since last request: 0.000039 seconds.
  path: Assets/KPOP_Ryu/Textures/T_RYU_PERF_CLOTHES_Metallic.png
  artifactKey: Guid(f92d43c7b5be34542886d726c56421d2) Importer(815301076,1909f56bfc062723c751e8b465ee728b)
Start importing Assets/KPOP_Ryu/Textures/T_RYU_PERF_CLOTHES_Metallic.png using Guid(f92d43c7b5be34542886d726c56421d2) Importer(815301076,1909f56bfc062723c751e8b465ee728b)  -> (artifact id: '7b6e0ad32625fab34d5bc0afb45569b3') in 0.031122 seconds 
========================================================================
Received Import Request.
  Time since last request: 0.000025 seconds.
  path: Assets/KPOP_Ryu/Textures/T_RYU_CASUAL_CLOTHES_BaseColor_Green.png
  artifactKey: Guid(727b4330088aaba4194217ce557424e3) Importer(815301076,1909f56bfc062723c751e8b465ee728b)
Start importing Assets/KPOP_Ryu/Textures/T_RYU_CASUAL_CLOTHES_BaseColor_Green.png using Guid(727b4330088aaba4194217ce557424e3) Importer(815301076,1909f56bfc062723c751e8b465ee728b)  -> (artifact id: 'b56b9ea97a47c631b7a5a142ee7351b3') in 0.030916 seconds 
========================================================================
Received Import Request.
  Time since last request: 0.000036 seconds.
  path: Assets/KPOP_Ryu
  artifactKey: Guid(947a53c4eb8d6ff428ed359bd402f713) Importer(815301076,1909f56bfc062723c751e8b465ee728b)
Start importing Assets/KPOP_Ryu using Guid(947a53c4eb8d6ff428ed359bd402f713) Importer(815301076,1909f56bfc062723c751e8b465ee728b)  -> (artifact id: '8741bf6b0ed7dc69fb5903eb96b22d52') in 0.005404 seconds 
========================================================================
Received Import Request.
  Time since last request: 0.000028 seconds.
  path: Assets/KPOP_Ryu/Textures/T_RYU_EYES_normal.png
  artifactKey: Guid(c125c9d13798ed24d80f0bd8d19d9341) Importer(815301076,1909f56bfc062723c751e8b465ee728b)
Start importing Assets/KPOP_Ryu/Textures/T_RYU_EYES_normal.png using Guid(c125c9d13798ed24d80f0bd8d19d9341) Importer(815301076,1909f56bfc062723c751e8b465ee728b)  -> (artifact id: '65e77d6d7f8fd3a994e52dfe88532e84') in 0.062461 seconds 
========================================================================
Received Import Request.
  Time since last request: 0.000037 seconds.
  path: Assets/KPOP_Ryu/Textures/T_RYU_CASUAL_CLOTHES_BaseColor_BlackandWhite.png
  artifactKey: Guid(daed396d27f3eb94f8620d53074f9d96) Importer(815301076,1909f56bfc062723c751e8b465ee728b)
Start importing Assets/KPOP_Ryu/Textures/T_RYU_CASUAL_CLOTHES_BaseColor_BlackandWhite.png using Guid(daed396d27f3eb94f8620d53074f9d96) Importer(815301076,1909f56bfc062723c751e8b465ee728b)  -> (artifact id: 'b1ef139d5c0bfa99a1a46eb9b080e8e9') in 0.023494 seconds 
========================================================================
Received Import Request.
  Time since last request: 0.000019 seconds.
  path: Assets/KPOP_Ryu/Textures/T_RYU_HEAD_Roughness.png
  artifactKey: Guid(1bb238e472653df4496e444827b58904) Importer(815301076,1909f56bfc062723c751e8b465ee728b)
Start importing Assets/KPOP_Ryu/Textures/T_RYU_HEAD_Roughness.png using Guid(1bb238e472653df4496e444827b58904) Importer(815301076,1909f56bfc062723c751e8b465ee728b)  -> (artifact id: 'ce0e61155129d0d459af0059ce5d5e03') in 0.030029 seconds 
========================================================================
Received Import Request.
  Time since last request: 0.000028 seconds.
  path: Assets/KPOP_Ryu/Textures/T_RYU_BODY_Normal.png
  artifactKey: Guid(5a5e1e582844a0e4194d84b5a47301e9) Importer(815301076,1909f56bfc062723c751e8b465ee728b)
Start importing Assets/KPOP_Ryu/Textures/T_RYU_BODY_Normal.png using Guid(5a5e1e582844a0e4194d84b5a47301e9) Importer(815301076,1909f56bfc062723c751e8b465ee728b)  -> (artifact id: '67e76ffa211ce8414973aff33cebf24e') in 0.029132 seconds 
========================================================================
Received Import Request.
  Time since last request: 0.000039 seconds.
  path: Assets/KPOP_Ryu/Textures/T_RYU_EYES_BASECOLOR_BROWN.png
  artifactKey: Guid(189c0e98ffb4f3845a9c43b38b43e309) Importer(815301076,1909f56bfc062723c751e8b465ee728b)
Start importing Assets/KPOP_Ryu/Textures/T_RYU_EYES_BASECOLOR_BROWN.png using Guid(189c0e98ffb4f3845a9c43b38b43e309) Importer(815301076,1909f56bfc062723c751e8b465ee728b)  -> (artifact id: 'cc2af61256fb10c4f4c765b3fa5b6140') in 0.017738 seconds 
========================================================================
Received Import Request.
  Time since last request: 0.000027 seconds.
  path: Assets/KPOP_Ryu/Textures/T_RYU_HEAD_detail_weight.png
  artifactKey: Guid(4116deaf720e4154a8598a0bbff00d8e) Importer(815301076,1909f56bfc062723c751e8b465ee728b)
Start importing Assets/KPOP_Ryu/Textures/T_RYU_HEAD_detail_weight.png using Guid(4116deaf720e4154a8598a0bbff00d8e) Importer(815301076,1909f56bfc062723c751e8b465ee728b)  -> (artifact id: 'ec6edf33b25787a21240630d0886d2b5') in 0.025491 seconds 
========================================================================
Received Import Request.
  Time since last request: 0.000019 seconds.
  path: Assets/KPOP_Ryu/Base_mesh/SK_RYU_PERFORMANCE.fbx
  artifactKey: Guid(ccc085924bb53634cb566f848374e678) Importer(815301076,1909f56bfc062723c751e8b465ee728b)
Start importing Assets/KPOP_Ryu/Base_mesh/SK_RYU_PERFORMANCE.fbx using Guid(ccc085924bb53634cb566f848374e678) Importer(815301076,1909f56bfc062723c751e8b465ee728b)  -> (artifact id: '2e39175002220bd0a0d366b0f428a084') in 2.076303 seconds 
========================================================================
Received Import Request.
  Time since last request: 0.000037 seconds.
  path: Assets/KPOP_Ryu/Textures/T_RYU_HEAD_SSS.png
  artifactKey: Guid(eb658f8ad9d5db748aa84cf72d050a15) Importer(815301076,1909f56bfc062723c751e8b465ee728b)
Start importing Assets/KPOP_Ryu/Textures/T_RYU_HEAD_SSS.png using Guid(eb658f8ad9d5db748aa84cf72d050a15) Importer(815301076,1909f56bfc062723c751e8b465ee728b)  -> (artifact id: '2dd840a9d8a5073cf0cc23a4309a2727') in 0.038484 seconds 
========================================================================
Received Import Request.
  Time since last request: 0.000041 seconds.
  path: Assets/KPOP_Ryu/Textures/T_RYU_BODY_Roughness.png
  artifactKey: Guid(11e25ab8ac2a90b4d86552e8cec5dd15) Importer(815301076,1909f56bfc062723c751e8b465ee728b)
Start importing Assets/KPOP_Ryu/Textures/T_RYU_BODY_Roughness.png using Guid(11e25ab8ac2a90b4d86552e8cec5dd15) Importer(815301076,1909f56bfc062723c751e8b465ee728b)  -> (artifact id: '9f7f532d07abb8801f4f7be35b6d43df') in 0.026873 seconds 
========================================================================
Received Import Request.
  Time since last request: 0.000027 seconds.
  path: Assets/KPOP_Ryu/Textures/T_RYU_CASUAL_CLOTHES_AO.png
  artifactKey: Guid(b458355b4b3fad643b361feddfd8f95f) Importer(815301076,1909f56bfc062723c751e8b465ee728b)
Start importing Assets/KPOP_Ryu/Textures/T_RYU_CASUAL_CLOTHES_AO.png using Guid(b458355b4b3fad643b361feddfd8f95f) Importer(815301076,1909f56bfc062723c751e8b465ee728b)  -> (artifact id: 'b9d67f394dae2b9c7e50091dfaee3de0') in 0.019827 seconds 
========================================================================
Received Import Request.
  Time since last request: 0.000024 seconds.
  path: Assets/KPOP_Ryu/Textures/T_RYU_HAIR_WAVY_translucency.png
  artifactKey: Guid(493b752cd32388a4ab47ff781017c909) Importer(815301076,1909f56bfc062723c751e8b465ee728b)
Start importing Assets/KPOP_Ryu/Textures/T_RYU_HAIR_WAVY_translucency.png using Guid(493b752cd32388a4ab47ff781017c909) Importer(815301076,1909f56bfc062723c751e8b465ee728b)  -> (artifact id: 'f6127a4cef5a32a7a57260e268a69e42') in 0.024862 seconds 
========================================================================
Received Import Request.
  Time since last request: 0.000024 seconds.
  path: Assets/KPOP_Ryu/Textures/T_RYU_LINGERIE_AO.png
  artifactKey: Guid(3f01569ec9fde6a488079de1910338d7) Importer(815301076,1909f56bfc062723c751e8b465ee728b)
Start importing Assets/KPOP_Ryu/Textures/T_RYU_LINGERIE_AO.png using Guid(3f01569ec9fde6a488079de1910338d7) Importer(815301076,1909f56bfc062723c751e8b465ee728b)  -> (artifact id: '20d514ad85c09c31c9cd9213e752ae4f') in 0.028304 seconds 
========================================================================
Received Import Request.
  Time since last request: 0.000030 seconds.
  path: Assets/KPOP_Ryu/Textures/T_RYU_PERF_CLOTHES_Roughness.png
  artifactKey: Guid(7c7672912550f66418b851b84a3e618e) Importer(815301076,1909f56bfc062723c751e8b465ee728b)
Start importing Assets/KPOP_Ryu/Textures/T_RYU_PERF_CLOTHES_Roughness.png using Guid(7c7672912550f66418b851b84a3e618e) Importer(815301076,1909f56bfc062723c751e8b465ee728b)  -> (artifact id: '829ff660288d0fdcf15d427f985f2aea') in 0.032118 seconds 
========================================================================
Received Import Request.
  Time since last request: 0.000031 seconds.
  path: Assets/KPOP_Ryu/Textures/T_RYU_LINGERIE_BaseColor_Red.png
  artifactKey: Guid(276b53367f965664d8cf1f2d8ba8aab2) Importer(815301076,1909f56bfc062723c751e8b465ee728b)
Start importing Assets/KPOP_Ryu/Textures/T_RYU_LINGERIE_BaseColor_Red.png using Guid(276b53367f965664d8cf1f2d8ba8aab2) Importer(815301076,1909f56bfc062723c751e8b465ee728b)  -> (artifact id: 'e4f4cdc2de656c80be1dea9bb6d67473') in 0.032472 seconds 
========================================================================
Received Import Request.
  Time since last request: 0.000038 seconds.
  path: Assets/KPOP_Ryu/Textures/T_RYU_EYES_BASECOLOR_PURPLE.png
  artifactKey: Guid(3e4458d30cb4c004ab949a9c4f76dfb0) Importer(815301076,1909f56bfc062723c751e8b465ee728b)
Start importing Assets/KPOP_Ryu/Textures/T_RYU_EYES_BASECOLOR_PURPLE.png using Guid(3e4458d30cb4c004ab949a9c4f76dfb0) Importer(815301076,1909f56bfc062723c751e8b465ee728b)  -> (artifact id: 'ac801f29dd3389b2e1d044d39818db85') in 0.025740 seconds 
========================================================================
Received Import Request.
  Time since last request: 0.000061 seconds.
  path: Assets/KPOP_Ryu/Textures/T_RYU_PERF_CLOTHES_Normal.png
  artifactKey: Guid(ab387a4645b2e854f8d88304f2e58aa9) Importer(815301076,1909f56bfc062723c751e8b465ee728b)
Start importing Assets/KPOP_Ryu/Textures/T_RYU_PERF_CLOTHES_Normal.png using Guid(ab387a4645b2e854f8d88304f2e58aa9) Importer(815301076,1909f56bfc062723c751e8b465ee728b)  -> (artifact id: 'eb24c9cb601fbede84ad58faaa22b38a') in 0.053426 seconds 
========================================================================
Received Import Request.
  Time since last request: 0.000023 seconds.
  path: Assets/KPOP_Ryu/Base_mesh/SK_RYU_LINGERIE.fbx
  artifactKey: Guid(cd05c75c0384e2a41a5f69ec952e3533) Importer(815301076,1909f56bfc062723c751e8b465ee728b)
Start importing Assets/KPOP_Ryu/Base_mesh/SK_RYU_LINGERIE.fbx using Guid(cd05c75c0384e2a41a5f69ec952e3533) Importer(815301076,1909f56bfc062723c751e8b465ee728b)  -> (artifact id: 'af0b951ae854bb0647ed54b585708261') in 0.639181 seconds 
========================================================================
Received Import Request.
  Time since last request: 0.000029 seconds.
  path: Assets/KPOP_Ryu/Textures/T_RYU_HEAD_MetallicSmoothness.png
  artifactKey: Guid(26e227fcea640844883407c713fb0c51) Importer(815301076,1909f56bfc062723c751e8b465ee728b)
Start importing Assets/KPOP_Ryu/Textures/T_RYU_HEAD_MetallicSmoothness.png using Guid(26e227fcea640844883407c713fb0c51) Importer(815301076,1909f56bfc062723c751e8b465ee728b)  -> (artifact id: 'e3142df16692b0a5de57cbf4b53d6113') in 0.029649 seconds 
========================================================================
Received Import Request.
  Time since last request: 0.000033 seconds.
  path: Assets/KPOP_Ryu/Textures/T_RYU_HAIR_WAVY_alpha.png
  artifactKey: Guid(169f35dedd5d0c341bcec14dd57a3584) Importer(815301076,1909f56bfc062723c751e8b465ee728b)
Start importing Assets/KPOP_Ryu/Textures/T_RYU_HAIR_WAVY_alpha.png using Guid(169f35dedd5d0c341bcec14dd57a3584) Importer(815301076,1909f56bfc062723c751e8b465ee728b)  -> (artifact id: 'def0d0b4b5fb183b4ee369cdf705e620') in 0.028069 seconds 
========================================================================
Received Import Request.
  Time since last request: 0.000022 seconds.
  path: Assets/KPOP_Ryu/Textures/T_RYU_HAIR_WAVY_wind.png
  artifactKey: Guid(942442095d64042478ddc331ff4ec9bb) Importer(815301076,1909f56bfc062723c751e8b465ee728b)
Start importing Assets/KPOP_Ryu/Textures/T_RYU_HAIR_WAVY_wind.png using Guid(942442095d64042478ddc331ff4ec9bb) Importer(815301076,1909f56bfc062723c751e8b465ee728b)  -> (artifact id: '0798ff51b60d5de21838064f518f8e59') in 0.026154 seconds 
========================================================================
Received Import Request.
  Time since last request: 0.000018 seconds.
  path: Assets/KPOP_Ryu/Textures/T_RYU_HEAD_gloss.png
  artifactKey: Guid(87dd2623b1677414e819a563240077cd) Importer(815301076,1909f56bfc062723c751e8b465ee728b)
Start importing Assets/KPOP_Ryu/Textures/T_RYU_HEAD_gloss.png using Guid(87dd2623b1677414e819a563240077cd) Importer(815301076,1909f56bfc062723c751e8b465ee728b)  -> (artifact id: 'a66a083248d0f53b2523bb3e9cb961ca') in 0.029531 seconds 
========================================================================
Received Import Request.
  Time since last request: 0.000023 seconds.
  path: Assets/KPOP_Ryu/Textures/T_RYU_CASUAL_CLOTHES_BaseColor_Blue.png
  artifactKey: Guid(d9e19ba23f188c44e829d277a5d3713b) Importer(815301076,1909f56bfc062723c751e8b465ee728b)
Start importing Assets/KPOP_Ryu/Textures/T_RYU_CASUAL_CLOTHES_BaseColor_Blue.png using Guid(d9e19ba23f188c44e829d277a5d3713b) Importer(815301076,1909f56bfc062723c751e8b465ee728b)  -> (artifact id: 'c9d01f2db978c10dd5b375ee6f74d195') in 0.031653 seconds 
========================================================================
Received Import Request.
  Time since last request: 0.000028 seconds.
  path: Assets/KPOP_Ryu/Textures/T_RYU_HAIR_WAVY_depth.png
  artifactKey: Guid(883209d10c993d24fa3401bab797da9c) Importer(815301076,1909f56bfc062723c751e8b465ee728b)
Start importing Assets/KPOP_Ryu/Textures/T_RYU_HAIR_WAVY_depth.png using Guid(883209d10c993d24fa3401bab797da9c) Importer(815301076,1909f56bfc062723c751e8b465ee728b)  -> (artifact id: 'e42d23ce87dcc5e70e6c5c1a3144e69e') in 0.029260 seconds 
========================================================================
Received Import Request.
  Time since last request: 0.000029 seconds.
  path: Assets/KPOP_Ryu/Textures/T_RYU_CASUAL_CLOTHES_Normal.png
  artifactKey: Guid(0fed5b142e47da548be16763e88cd7c4) Importer(815301076,1909f56bfc062723c751e8b465ee728b)
Start importing Assets/KPOP_Ryu/Textures/T_RYU_CASUAL_CLOTHES_Normal.png using Guid(0fed5b142e47da548be16763e88cd7c4) Importer(815301076,1909f56bfc062723c751e8b465ee728b)  -> (artifact id: 'bad8c1b203622744a42e0ecd10f1d476') in 0.033003 seconds 
========================================================================
Received Import Request.
  Time since last request: 0.000026 seconds.
  path: Assets/KPOP_Ryu/Textures/T_RYU_HAIR_WAVY_alpha_channel.png
  artifactKey: Guid(53eef4bcdeffd9943a305a79572faf0c) Importer(815301076,1909f56bfc062723c751e8b465ee728b)
Start importing Assets/KPOP_Ryu/Textures/T_RYU_HAIR_WAVY_alpha_channel.png using Guid(53eef4bcdeffd9943a305a79572faf0c) Importer(815301076,1909f56bfc062723c751e8b465ee728b)  -> (artifact id: '7c31fd276a2188db901cca64c960a2a3') in 0.027607 seconds 
========================================================================
Received Import Request.
  Time since last request: 0.000034 seconds.
  path: Assets/KPOP_Ryu/Textures/T_RYU_HAIR_WAVY_direction.png
  artifactKey: Guid(5b8f95b30e170e64e9dcf4ff236e3a72) Importer(815301076,1909f56bfc062723c751e8b465ee728b)
Start importing Assets/KPOP_Ryu/Textures/T_RYU_HAIR_WAVY_direction.png using Guid(5b8f95b30e170e64e9dcf4ff236e3a72) Importer(815301076,1909f56bfc062723c751e8b465ee728b)  -> (artifact id: '55704abbc5a0e090f3bfa9581c522181') in 0.024159 seconds 
========================================================================
Received Import Request.
  Time since last request: 0.000020 seconds.
  path: Assets/KPOP_Ryu/Textures/T_RYU_LINGERIE_BaseColor_Black.png
  artifactKey: Guid(efc351cc33ab6a5459777322ed04ab67) Importer(815301076,1909f56bfc062723c751e8b465ee728b)
Start importing Assets/KPOP_Ryu/Textures/T_RYU_LINGERIE_BaseColor_Black.png using Guid(efc351cc33ab6a5459777322ed04ab67) Importer(815301076,1909f56bfc062723c751e8b465ee728b)  -> (artifact id: '2bb532fefe7b4c81e20d6f6988d54de2') in 0.019421 seconds 
========================================================================
Received Import Request.
  Time since last request: 0.000023 seconds.
  path: Assets/KPOP_Ryu/Textures/T_RYU_LINGERIE_BaseColor_Blue.png
  artifactKey: Guid(d7a4f2b1f53c07e4e82940b4c5e4f16d) Importer(815301076,1909f56bfc062723c751e8b465ee728b)
Start importing Assets/KPOP_Ryu/Textures/T_RYU_LINGERIE_BaseColor_Blue.png using Guid(d7a4f2b1f53c07e4e82940b4c5e4f16d) Importer(815301076,1909f56bfc062723c751e8b465ee728b)  -> (artifact id: 'fda65c45df6ad31cea5d7bdc33618821') in 0.024556 seconds 
========================================================================
Received Import Request.
  Time since last request: 0.000050 seconds.
  path: Assets/KPOP_Ryu/Textures/T_RYU_PERF_CLOTHES_BaseColor_Red.png
  artifactKey: Guid(19ac787a1e6d9b947a47342e4d80f812) Importer(815301076,1909f56bfc062723c751e8b465ee728b)
Start importing Assets/KPOP_Ryu/Textures/T_RYU_PERF_CLOTHES_BaseColor_Red.png using Guid(19ac787a1e6d9b947a47342e4d80f812) Importer(815301076,1909f56bfc062723c751e8b465ee728b)  -> (artifact id: '508ef6d0aea8fb815a0d5866359c03a0') in 0.039747 seconds 
========================================================================
Received Import Request.
  Time since last request: 0.000022 seconds.
  path: Assets/KPOP_Ryu/Textures/T_RYU_PERF_CLOTHES_BaseColor_Violet.png
  artifactKey: Guid(ec5446ac23907ac4b8e326ed023a4094) Importer(815301076,1909f56bfc062723c751e8b465ee728b)
Start importing Assets/KPOP_Ryu/Textures/T_RYU_PERF_CLOTHES_BaseColor_Violet.png using Guid(ec5446ac23907ac4b8e326ed023a4094) Importer(815301076,1909f56bfc062723c751e8b465ee728b)  -> (artifact id: 'd8a7a8eb89d60bfe7ba75d638bccd304') in 0.039026 seconds 
========================================================================
Received Import Request.
  Time since last request: 0.000034 seconds.
  path: Assets/KPOP_Ryu/Base_mesh/SK_RYU_NUDE.fbx
  artifactKey: Guid(a41101ee05332ef478dee18a7ddb3c9d) Importer(815301076,1909f56bfc062723c751e8b465ee728b)
Start importing Assets/KPOP_Ryu/Base_mesh/SK_RYU_NUDE.fbx using Guid(a41101ee05332ef478dee18a7ddb3c9d) Importer(815301076,1909f56bfc062723c751e8b465ee728b)  -> (artifact id: '68cc79c9c8ffb69dbc0be326bd6e2b77') in 0.202348 seconds 
========================================================================
Received Import Request.
  Time since last request: 0.000035 seconds.
  path: Assets/KPOP_Ryu/Textures/T_RYU_HAIR_WAVY_BaseColor_White.png
  artifactKey: Guid(511dac031a8bede4b91744dc39786e9e) Importer(815301076,1909f56bfc062723c751e8b465ee728b)
Start importing Assets/KPOP_Ryu/Textures/T_RYU_HAIR_WAVY_BaseColor_White.png using Guid(511dac031a8bede4b91744dc39786e9e) Importer(815301076,1909f56bfc062723c751e8b465ee728b)  -> (artifact id: 'b655c630b0217a5c039e96482da9959e') in 0.021754 seconds 
========================================================================
Received Import Request.
  Time since last request: 0.000034 seconds.
  path: Assets/KPOP_Ryu/Textures/T_RYU_HEAD_sss_V2.png
  artifactKey: Guid(c1829c39fe0d5a24fbfae1ad700795ae) Importer(815301076,1909f56bfc062723c751e8b465ee728b)
Start importing Assets/KPOP_Ryu/Textures/T_RYU_HEAD_sss_V2.png using Guid(c1829c39fe0d5a24fbfae1ad700795ae) Importer(815301076,1909f56bfc062723c751e8b465ee728b)  -> (artifact id: '79991eafda5bbf8c5a6c1d260788edb8') in 0.024401 seconds 
========================================================================
Received Import Request.
  Time since last request: 0.000027 seconds.
  path: Assets/KPOP_Ryu/Textures/T_RYU_LINGERIE_Normal.png
  artifactKey: Guid(4548407c84f8207479e1b8bcd245d886) Importer(815301076,1909f56bfc062723c751e8b465ee728b)
Start importing Assets/KPOP_Ryu/Textures/T_RYU_LINGERIE_Normal.png using Guid(4548407c84f8207479e1b8bcd245d886) Importer(815301076,1909f56bfc062723c751e8b465ee728b)  -> (artifact id: '14b70aa9f958e123bf178a1859d5fadf') in 0.035226 seconds 
========================================================================
Received Import Request.
  Time since last request: 0.000035 seconds.
  path: Assets/KPOP_Ryu/Textures/T_RYU_BODY_BaseColor_Censored.png
  artifactKey: Guid(cc0ad4ba5f61644449b0fd638ad5a3a0) Importer(815301076,1909f56bfc062723c751e8b465ee728b)
Start importing Assets/KPOP_Ryu/Textures/T_RYU_BODY_BaseColor_Censored.png using Guid(cc0ad4ba5f61644449b0fd638ad5a3a0) Importer(815301076,1909f56bfc062723c751e8b465ee728b)  -> (artifact id: '99bf28abf40bb0432b1275c7a98cf3d0') in 0.023462 seconds 
========================================================================
Received Import Request.
  Time since last request: 0.000130 seconds.
  path: Assets/KPOP_Ryu/Textures/T_RYU_CASUAL_CLOTHES_BaseColor_Red.png
  artifactKey: Guid(a9675b936776f0b4ca6ec8e002bbea40) Importer(815301076,1909f56bfc062723c751e8b465ee728b)
Start importing Assets/KPOP_Ryu/Textures/T_RYU_CASUAL_CLOTHES_BaseColor_Red.png using Guid(a9675b936776f0b4ca6ec8e002bbea40) Importer(815301076,1909f56bfc062723c751e8b465ee728b)  -> (artifact id: 'a3dd7bdb447ddb36462ef97a7ca0049c') in 0.032213 seconds 
========================================================================
Received Import Request.
  Time since last request: 0.000045 seconds.
  path: Assets/KPOP_Ryu/Textures/T_RYU_BODY_Roughness_Censored.png
  artifactKey: Guid(0a37126215ad5c04cba8d7d1ab9e784f) Importer(815301076,1909f56bfc062723c751e8b465ee728b)
Start importing Assets/KPOP_Ryu/Textures/T_RYU_BODY_Roughness_Censored.png using Guid(0a37126215ad5c04cba8d7d1ab9e784f) Importer(815301076,1909f56bfc062723c751e8b465ee728b)  -> (artifact id: 'f50e53c64bad13d2ab933f0c8498eb7d') in 0.027542 seconds 
========================================================================
Received Import Request.
  Time since last request: 0.000030 seconds.
  path: Assets/KPOP_Ryu/Textures/T_RYU_PERF_CLOTHES_MatID.png
  artifactKey: Guid(0d2381e42b7c0904a9a9fe13a4cd55ac) Importer(815301076,1909f56bfc062723c751e8b465ee728b)
Start importing Assets/KPOP_Ryu/Textures/T_RYU_PERF_CLOTHES_MatID.png using Guid(0d2381e42b7c0904a9a9fe13a4cd55ac) Importer(815301076,1909f56bfc062723c751e8b465ee728b)  -> (artifact id: 'f0e52f4b12fbb1d585e0d2b5a0e6e3eb') in 0.027602 seconds 
========================================================================
Received Import Request.
  Time since last request: 0.000075 seconds.
  path: Assets/KPOP_Ryu/Textures/T_RYU_LINGERIE_BaseColor_Violet.png
  artifactKey: Guid(0eb329e2f5662dc43a8ba63de453ae45) Importer(815301076,1909f56bfc062723c751e8b465ee728b)
Start importing Assets/KPOP_Ryu/Textures/T_RYU_LINGERIE_BaseColor_Violet.png using Guid(0eb329e2f5662dc43a8ba63de453ae45) Importer(815301076,1909f56bfc062723c751e8b465ee728b)  -> (artifact id: '26da53d1721bea9b7ad1fdec97da93f1') in 0.027390 seconds 
========================================================================
Received Import Request.
  Time since last request: 0.000070 seconds.
  path: Assets/KPOP_Ryu/Textures/T_RYU_HEAD_BaseColor_01.png
  artifactKey: Guid(c83b3c28987767441a5b447c3f4ad9ee) Importer(815301076,1909f56bfc062723c751e8b465ee728b)
Start importing Assets/KPOP_Ryu/Textures/T_RYU_HEAD_BaseColor_01.png using Guid(c83b3c28987767441a5b447c3f4ad9ee) Importer(815301076,1909f56bfc062723c751e8b465ee728b)  -> (artifact id: '5aff89be1963b618532cbca14359cfd0') in 0.020026 seconds 
========================================================================
Received Import Request.
  Time since last request: 0.000029 seconds.
  path: Assets/KPOP_Ryu/Textures/T_RYU_LINGERIE_BaseColor_White.png
  artifactKey: Guid(63adba79b3257c844bc9c2e1c94a41fc) Importer(815301076,1909f56bfc062723c751e8b465ee728b)
Start importing Assets/KPOP_Ryu/Textures/T_RYU_LINGERIE_BaseColor_White.png using Guid(63adba79b3257c844bc9c2e1c94a41fc) Importer(815301076,1909f56bfc062723c751e8b465ee728b)  -> (artifact id: '20c49cbdb5cd3c645cc15c6775aff3bf') in 0.031951 seconds 
========================================================================
Received Import Request.
  Time since last request: 0.000030 seconds.
  path: Assets/KPOP_Ryu/Textures/T_RYU_HAIR_WAVY_root.png
  artifactKey: Guid(dfadd195f431ef243bd2e1369d78a294) Importer(815301076,1909f56bfc062723c751e8b465ee728b)
Start importing Assets/KPOP_Ryu/Textures/T_RYU_HAIR_WAVY_root.png using Guid(dfadd195f431ef243bd2e1369d78a294) Importer(815301076,1909f56bfc062723c751e8b465ee728b)  -> (artifact id: '41d5a184d269563f3d9e5cfd50cdb258') in 0.028053 seconds 
========================================================================
Received Import Request.
  Time since last request: 0.000063 seconds.
  path: Assets/KPOP_Ryu/Textures/T_RYU_PERF_CLOTHES_BaseColor_Green.png
  artifactKey: Guid(de259257beaae9440b2ce8d5012f77ed) Importer(815301076,1909f56bfc062723c751e8b465ee728b)
Start importing Assets/KPOP_Ryu/Textures/T_RYU_PERF_CLOTHES_BaseColor_Green.png using Guid(de259257beaae9440b2ce8d5012f77ed) Importer(815301076,1909f56bfc062723c751e8b465ee728b)  -> (artifact id: '45940ecac79bb954163fb1304d1e5ac9') in 0.043439 seconds 
========================================================================
Received Import Request.
  Time since last request: 0.000026 seconds.
  path: Assets/KPOP_Ryu/Textures/T_RYU_CASUAL_CLOTHES_BaseColor_Violet.png
  artifactKey: Guid(8d4398796b4bd1944ae9a4d2b573e7e0) Importer(815301076,1909f56bfc062723c751e8b465ee728b)
Start importing Assets/KPOP_Ryu/Textures/T_RYU_CASUAL_CLOTHES_BaseColor_Violet.png using Guid(8d4398796b4bd1944ae9a4d2b573e7e0) Importer(815301076,1909f56bfc062723c751e8b465ee728b)  -> (artifact id: '1b2a1245c701dd19c5d7a0e1c425fc05') in 0.028589 seconds 
========================================================================
Received Import Request.
  Time since last request: 0.000022 seconds.
  path: Assets/KPOP_Ryu/Textures/T_RYU_LINGERIE_Metallic.png
  artifactKey: Guid(b61ee06eebfa4674ead4170c6fe2c0db) Importer(815301076,1909f56bfc062723c751e8b465ee728b)
Start importing Assets/KPOP_Ryu/Textures/T_RYU_LINGERIE_Metallic.png using Guid(b61ee06eebfa4674ead4170c6fe2c0db) Importer(815301076,1909f56bfc062723c751e8b465ee728b)  -> (artifact id: '3de10bd6d43ea12e2a0b092f42171c30') in 0.021518 seconds 
========================================================================
Received Import Request.
  Time since last request: 0.000032 seconds.
  path: Assets/KPOP_Ryu/Textures/T_RYU_PERF_CLOTHES_BaseColor_White.png
  artifactKey: Guid(4f8a18fb31e2f914d9aff3e4783d6863) Importer(815301076,1909f56bfc062723c751e8b465ee728b)
Start importing Assets/KPOP_Ryu/Textures/T_RYU_PERF_CLOTHES_BaseColor_White.png using Guid(4f8a18fb31e2f914d9aff3e4783d6863) Importer(815301076,1909f56bfc062723c751e8b465ee728b)  -> (artifact id: 'af56581a0281a670f8c7b00bd0235c23') in 0.045734 seconds 
