Using pre-set license
Built from '2021.3/china_unity/release' branch; Version is '2021.3.10f1c2 (5a059dbcdda5) revision 5899677'; Using compiler version '192829333'; Build Type 'Release'
OS: 'Windows 10  (10.0.19044) 64bit CoreCountrySpecific' Language: 'zh' Physical Memory: 16251 MB
BatchMode: 1, IsHumanControllingUs: 0, StartBugReporterOnCrash: 0, Is64bit: 1, IsPro: 1

COMMAND LINE ARGUMENTS:
D:\UnityHub\UnityEditor\2021.3.10f1c2\Editor\Unity.exe
-adb2
-batchMode
-noUpm
-name
AssetImportWorker1
-projectPath
D:/Unityproject/Avatar
-logFile
Logs/AssetImportWorker1.log
-srvPort
52004
Successfully changed project path to: D:/Unityproject/Avatar
D:/Unityproject/Avatar
[UnityMemory] Configuration Parameters - Can be set up in boot.config
    "memorysetup-bucket-allocator-granularity=16"
    "memorysetup-bucket-allocator-bucket-count=8"
    "memorysetup-bucket-allocator-block-size=33554432"
    "memorysetup-bucket-allocator-block-count=8"
    "memorysetup-main-allocator-block-size=16777216"
    "memorysetup-thread-allocator-block-size=16777216"
    "memorysetup-gfx-main-allocator-block-size=16777216"
    "memorysetup-gfx-thread-allocator-block-size=16777216"
    "memorysetup-cache-allocator-block-size=4194304"
    "memorysetup-typetree-allocator-block-size=2097152"
    "memorysetup-profiler-bucket-allocator-granularity=16"
    "memorysetup-profiler-bucket-allocator-bucket-count=8"
    "memorysetup-profiler-bucket-allocator-block-size=33554432"
    "memorysetup-profiler-bucket-allocator-block-count=8"
    "memorysetup-profiler-allocator-block-size=16777216"
    "memorysetup-profiler-editor-allocator-block-size=1048576"
    "memorysetup-temp-allocator-size-main=16777216"
    "memorysetup-job-temp-allocator-block-size=2097152"
    "memorysetup-job-temp-allocator-block-size-background=1048576"
    "memorysetup-job-temp-allocator-reduction-small-platforms=262144"
    "memorysetup-temp-allocator-size-background-worker=32768"
    "memorysetup-temp-allocator-size-job-worker=262144"
    "memorysetup-temp-allocator-size-preload-manager=33554432"
    "memorysetup-temp-allocator-size-nav-mesh-worker=65536"
    "memorysetup-temp-allocator-size-audio-worker=65536"
    "memorysetup-temp-allocator-size-cloud-worker=32768"
    "memorysetup-temp-allocator-size-gi-baking-worker=262144"
    "memorysetup-temp-allocator-size-gfx=262144"
AS: AutoStreaming module initializing.
Refreshing native plugins compatible for Editor in 93.59 ms, found 3 plugins.
Preloading 0 native plugins for Editor in 0.00 ms.
Initialize engine version: 2021.3.10f1c2 (5a059dbcdda5)
[Subsystems] Discovering subsystems at path D:/UnityHub/UnityEditor/2021.3.10f1c2/Editor/Data/Resources/UnitySubsystems
[Subsystems] Discovering subsystems at path D:/Unityproject/Avatar/Assets
GfxDevice: creating device client; threaded=0; jobified=0
Direct3D:
    Version:  Direct3D 11.0 [level 11.1]
    Renderer: NVIDIA GeForce GTX 1650 Ti (ID=0x1f95)
    Vendor:   NVIDIA
    VRAM:     3962 MB
    Driver:   30.0.15.1259
Initialize mono
Mono path[0] = 'D:/UnityHub/UnityEditor/2021.3.10f1c2/Editor/Data/Managed'
Mono path[1] = 'D:/UnityHub/UnityEditor/2021.3.10f1c2/Editor/Data/MonoBleedingEdge/lib/mono/unityjit-win32'
Mono config path = 'D:/UnityHub/UnityEditor/2021.3.10f1c2/Editor/Data/MonoBleedingEdge/etc'
Using monoOptions --debugger-agent=transport=dt_socket,embedding=1,server=y,suspend=n,address=127.0.0.1:56000
Begin MonoManager ReloadAssembly
Registering precompiled unity dll's ...
Register platform support module: D:/UnityHub/UnityEditor/2021.3.10f1c2/Editor/Data/PlaybackEngines/WebGLSupport/UnityEditor.WebGL.Extensions.dll
Register platform support module: D:/UnityHub/UnityEditor/2021.3.10f1c2/Editor/Data/PlaybackEngines/AndroidPlayer/UnityEditor.Android.Extensions.dll
Register platform support module: D:/UnityHub/UnityEditor/2021.3.10f1c2/Editor/Data/PlaybackEngines/WindowsStandaloneSupport/UnityEditor.WindowsStandalone.Extensions.dll
Registered in 0.007618 seconds.
Native extension for WindowsStandalone target not found
Native extension for Android target not found
Native extension for WebGL target not found
Refreshing native plugins compatible for Editor in 94.10 ms, found 3 plugins.
Preloading 0 native plugins for Editor in 0.00 ms.
Mono: successfully reloaded assembly
- Completed reload, in  0.729 seconds
Domain Reload Profiling:
	ReloadAssembly (729ms)
		BeginReloadAssembly (79ms)
			ExecutionOrderSort (0ms)
			DisableScriptedObjects (0ms)
			BackupInstance (0ms)
			ReleaseScriptingObjects (0ms)
			CreateAndSetChildDomain (1ms)
		EndReloadAssembly (527ms)
			LoadAssemblies (78ms)
			RebuildTransferFunctionScriptingTraits (0ms)
			SetupTypeCache (129ms)
			ReleaseScriptCaches (0ms)
			RebuildScriptCaches (31ms)
			SetupLoadedEditorAssemblies (309ms)
				LogAssemblyErrors (0ms)
				InitializePlatformSupportModulesInManaged (57ms)
				SetLoadedEditorAssemblies (0ms)
				RefreshPlugins (94ms)
				BeforeProcessingInitializeOnLoad (1ms)
				ProcessInitializeOnLoadAttributes (109ms)
				ProcessInitializeOnLoadMethodAttributes (47ms)
				AfterProcessingInitializeOnLoad (0ms)
				EditorAssembliesLoaded (0ms)
			ExecutionOrderSort2 (0ms)
			AwakeInstancesAfterBackupRestoration (0ms)
Platform modules already initialized, skipping
Registering precompiled user dll's ...
Registered in 0.019472 seconds.
Begin MonoManager ReloadAssembly
Symbol file LoadedFromMemory doesn't match image D:\Unityproject\Avatar\Library\PackageCache\com.unity.visualscripting@1.7.8\Editor\VisualScripting.Core\Dependencies\YamlDotNet\Unity.VisualScripting.YamlDotNet.dll
Symbol file LoadedFromMemory doesn't match image D:\Unityproject\Avatar\Library\PackageCache\com.unity.visualscripting@1.7.8\Editor\VisualScripting.Core\Dependencies\DotNetZip\Unity.VisualScripting.IonicZip.dll
Native extension for WindowsStandalone target not found
Native extension for Android target not found
Native extension for WebGL target not found
Refreshing native plugins compatible for Editor in 0.55 ms, found 3 plugins.
Preloading 0 native plugins for Editor in 0.00 ms.
Mono: successfully reloaded assembly
- Completed reload, in  1.212 seconds
Domain Reload Profiling:
	ReloadAssembly (1213ms)
		BeginReloadAssembly (233ms)
			ExecutionOrderSort (0ms)
			DisableScriptedObjects (6ms)
			BackupInstance (0ms)
			ReleaseScriptingObjects (0ms)
			CreateAndSetChildDomain (129ms)
		EndReloadAssembly (866ms)
			LoadAssemblies (120ms)
			RebuildTransferFunctionScriptingTraits (0ms)
			SetupTypeCache (285ms)
			ReleaseScriptCaches (1ms)
			RebuildScriptCaches (51ms)
			SetupLoadedEditorAssemblies (375ms)
				LogAssemblyErrors (0ms)
				InitializePlatformSupportModulesInManaged (13ms)
				SetLoadedEditorAssemblies (0ms)
				RefreshPlugins (1ms)
				BeforeProcessingInitializeOnLoad (97ms)
				ProcessInitializeOnLoadAttributes (227ms)
				ProcessInitializeOnLoadMethodAttributes (30ms)
				AfterProcessingInitializeOnLoad (6ms)
				EditorAssembliesLoaded (0ms)
			ExecutionOrderSort2 (0ms)
			AwakeInstancesAfterBackupRestoration (5ms)
Platform modules already initialized, skipping
========================================================================
Worker process is ready to serve import requests
Launched and connected shader compiler UnityShaderCompiler.exe after 0.05 seconds
Refreshing native plugins compatible for Editor in 0.92 ms, found 3 plugins.
Preloading 0 native plugins for Editor in 0.00 ms.
Unloading 3382 Unused Serialized files (Serialized files now loaded: 0)
Unloading 27 unused Assets / (113.9 KB). Loaded Objects now: 3842.
Memory consumption went from 117.4 MB to 117.2 MB.
Total: 3.366300 ms (FindLiveObjects: 0.290300 ms CreateObjectMapping: 0.236400 ms MarkObjects: 2.691300 ms  DeleteObjects: 0.147100 ms)

AssetImportParameters requested are different than current active one (requested -> active):
  custom:video-decoder-ogg-theora: a1e56fd34408186e4bbccfd4996cb3dc -> 
  custom:container-muxer-webm: aa71ff27fc2769a1b78a27578f13a17b -> 
  custom:container-demuxer-webm: 4f35f7cbe854078d1ac9338744f61a02 -> 
  custom:video-encoder-webm-vp8: eb34c28f22e8b96e1ab97ce403110664 -> 
  custom:video-codec-MediaFoundation-h265: 746d11721c4dcdbdad8f713fa42b33f4 -> 
  custom:audio-encoder-webm-vorbis: bf7c407c2cedff20999df2af8eb42d56 -> 
  custom:framework-win-MediaFoundation: 216162199b28c13a410421893ffa2e32 -> 
  custom:container-demuxer-ogg: 62fdf1f143b41e24485cea50d1cbac27 -> 
  custom:video-decoder-webm-vp8: 9c59270c3fd7afecdb556c50c9e8de78 -> 
  custom:audio-decoder-ogg-vorbis: bf7c407c2cedff20999df2af8eb42d56 -> 
========================================================================
Received Import Request.
  Time since last request: 79537.181408 seconds.
  path: Assets/KPOP_Ryu/Textures/T_RYU_HAIR_WAVY_BaseColor_Natural.png
  artifactKey: Guid(26ccab4b39a149a47a07ce55e2c98483) Importer(815301076,1909f56bfc062723c751e8b465ee728b)
Start importing Assets/KPOP_Ryu/Textures/T_RYU_HAIR_WAVY_BaseColor_Natural.png using Guid(26ccab4b39a149a47a07ce55e2c98483) Importer(815301076,1909f56bfc062723c751e8b465ee728b)  -> (artifact id: 'a95bab4e612a639c129e9fa205e9725c') in 0.149832 seconds 
========================================================================
Received Import Request.
  Time since last request: 0.000019 seconds.
  path: Assets/KPOP_Ryu/Textures/T_RYU_CASUAL_CLOTHES_MatID.png
  artifactKey: Guid(8ad3f1c652f17fa4b9c7c4c1a1bd3693) Importer(815301076,1909f56bfc062723c751e8b465ee728b)
Start importing Assets/KPOP_Ryu/Textures/T_RYU_CASUAL_CLOTHES_MatID.png using Guid(8ad3f1c652f17fa4b9c7c4c1a1bd3693) Importer(815301076,1909f56bfc062723c751e8b465ee728b)  -> (artifact id: '7452d0f66cd5023de0827345397f386f') in 0.037722 seconds 
========================================================================
Received Import Request.
  Time since last request: 0.000037 seconds.
  path: Assets/KPOP_Ryu/Base_mesh
  artifactKey: Guid(b40e979df3d91db4b93f4fbea4b6e95f) Importer(815301076,1909f56bfc062723c751e8b465ee728b)
Start importing Assets/KPOP_Ryu/Base_mesh using Guid(b40e979df3d91db4b93f4fbea4b6e95f) Importer(815301076,1909f56bfc062723c751e8b465ee728b)  -> (artifact id: 'f61a29c415f81387b3f311a80262c02b') in 0.006609 seconds 
========================================================================
Received Import Request.
  Time since last request: 0.000030 seconds.
  path: Assets/KPOP_Ryu/Textures/T_RYU_HEAD_NORMAL.png
  artifactKey: Guid(7012d3b175b1d3148911f56fe8e605fe) Importer(815301076,1909f56bfc062723c751e8b465ee728b)
Start importing Assets/KPOP_Ryu/Textures/T_RYU_HEAD_NORMAL.png using Guid(7012d3b175b1d3148911f56fe8e605fe) Importer(815301076,1909f56bfc062723c751e8b465ee728b)  -> (artifact id: '59fe96cd6423c5645e3e6f625ba7e452') in 0.077614 seconds 
========================================================================
Received Import Request.
  Time since last request: 0.000032 seconds.
  path: Assets/KPOP_Ryu/Base_mesh/SK_RYU_CASUAL_02.fbx
  artifactKey: Guid(9f09955589d142f48833dda0cc594337) Importer(815301076,1909f56bfc062723c751e8b465ee728b)
Start importing Assets/KPOP_Ryu/Base_mesh/SK_RYU_CASUAL_02.fbx using Guid(9f09955589d142f48833dda0cc594337) Importer(815301076,1909f56bfc062723c751e8b465ee728b)  -> (artifact id: '65e344fffc6edb63d232116c891847a3') in 2.389763 seconds 
========================================================================
Received Import Request.
  Time since last request: 0.000027 seconds.
  path: Assets/KPOP_Ryu/Base_mesh/SK_RYU_CASUAL_01.fbx
  artifactKey: Guid(476ebf125ecce3242bbefd086cfbed31) Importer(815301076,1909f56bfc062723c751e8b465ee728b)
Start importing Assets/KPOP_Ryu/Base_mesh/SK_RYU_CASUAL_01.fbx using Guid(476ebf125ecce3242bbefd086cfbed31) Importer(815301076,1909f56bfc062723c751e8b465ee728b)  -> (artifact id: '65339513f73af9e92a8d3b0f33f894fd') in 0.488152 seconds 
========================================================================
Received Import Request.
  Time since last request: 0.000055 seconds.
  path: Assets/KPOP_Ryu/Textures/T_RYU_EYES_BASECOLOR_GRAY.png
  artifactKey: Guid(005f999bc17751f41ac2ba047dbe4f75) Importer(815301076,1909f56bfc062723c751e8b465ee728b)
Start importing Assets/KPOP_Ryu/Textures/T_RYU_EYES_BASECOLOR_GRAY.png using Guid(005f999bc17751f41ac2ba047dbe4f75) Importer(815301076,1909f56bfc062723c751e8b465ee728b)  -> (artifact id: '845838b13f566733dd96af81c5a8e735') in 0.014138 seconds 
========================================================================
Received Import Request.
  Time since last request: 0.000029 seconds.
  path: Assets/KPOP_Ryu/Textures/T_RYU_HEAD_MatID.png
  artifactKey: Guid(55145039a7eb6644db299165f256d95a) Importer(815301076,1909f56bfc062723c751e8b465ee728b)
Start importing Assets/KPOP_Ryu/Textures/T_RYU_HEAD_MatID.png using Guid(55145039a7eb6644db299165f256d95a) Importer(815301076,1909f56bfc062723c751e8b465ee728b)  -> (artifact id: '0a1081f2ec9ce10980b972372a4cb29d') in 0.025134 seconds 
========================================================================
Received Import Request.
  Time since last request: 0.000029 seconds.
  path: Assets/KPOP_Ryu/Textures/T_RYU_LASHES_basecolor.png
  artifactKey: Guid(831219135e048a74d914cc3c0f50b0b4) Importer(815301076,1909f56bfc062723c751e8b465ee728b)
Start importing Assets/KPOP_Ryu/Textures/T_RYU_LASHES_basecolor.png using Guid(831219135e048a74d914cc3c0f50b0b4) Importer(815301076,1909f56bfc062723c751e8b465ee728b)  -> (artifact id: '22966f16a87c135740197b17ee3754fd') in 0.014804 seconds 
========================================================================
Received Import Request.
  Time since last request: 0.000029 seconds.
  path: Assets/KPOP_Ryu/Textures/T_RYU_EYES_BASECOLOR_GREEN.png
  artifactKey: Guid(21f6537a6c0cdcd46896edd585b0a232) Importer(815301076,1909f56bfc062723c751e8b465ee728b)
Start importing Assets/KPOP_Ryu/Textures/T_RYU_EYES_BASECOLOR_GREEN.png using Guid(21f6537a6c0cdcd46896edd585b0a232) Importer(815301076,1909f56bfc062723c751e8b465ee728b)  -> (artifact id: '35a5e7b927f79ea286e81bf8610d9267') in 0.024137 seconds 
========================================================================
Received Import Request.
  Time since last request: 0.000038 seconds.
  path: Assets/KPOP_Ryu/Textures/T_RYU_LINGERIE_BaseColor_Green.png
  artifactKey: Guid(35f389f95d8ab254b98dc9c90f40ced5) Importer(815301076,1909f56bfc062723c751e8b465ee728b)
Start importing Assets/KPOP_Ryu/Textures/T_RYU_LINGERIE_BaseColor_Green.png using Guid(35f389f95d8ab254b98dc9c90f40ced5) Importer(815301076,1909f56bfc062723c751e8b465ee728b)  -> (artifact id: 'fb17929f5c4e5d1b953ee143c8ef0aef') in 0.024697 seconds 
========================================================================
Received Import Request.
  Time since last request: 0.000028 seconds.
  path: Assets/KPOP_Ryu/Textures/T_RYU_HAIR_WAVY_BaseColor_Red.png
  artifactKey: Guid(09d2aad1519038c46903039513244b46) Importer(815301076,1909f56bfc062723c751e8b465ee728b)
Start importing Assets/KPOP_Ryu/Textures/T_RYU_HAIR_WAVY_BaseColor_Red.png using Guid(09d2aad1519038c46903039513244b46) Importer(815301076,1909f56bfc062723c751e8b465ee728b)  -> (artifact id: 'd78cc34b8cd6a5cd4b907dd409409d7e') in 0.034176 seconds 
========================================================================
Received Import Request.
  Time since last request: 0.000020 seconds.
  path: Assets/KPOP_Ryu/Textures/T_RYU_HAIR_WAVY_normal_LongHair.tga
  artifactKey: Guid(f9adf194b396e1d4186e799fa06d43dc) Importer(815301076,1909f56bfc062723c751e8b465ee728b)
Start importing Assets/KPOP_Ryu/Textures/T_RYU_HAIR_WAVY_normal_LongHair.tga using Guid(f9adf194b396e1d4186e799fa06d43dc) Importer(815301076,1909f56bfc062723c751e8b465ee728b)  -> (artifact id: '36e866715ecf791ac2aebba815c90760') in 0.021696 seconds 
========================================================================
Received Import Request.
  Time since last request: 0.000023 seconds.
  path: Assets/KPOP_Ryu/Textures/T_RYU_LINGERIE_Roughness.png
  artifactKey: Guid(cdb27e57fa327e6438ae1c382bdb2153) Importer(815301076,1909f56bfc062723c751e8b465ee728b)
Start importing Assets/KPOP_Ryu/Textures/T_RYU_LINGERIE_Roughness.png using Guid(cdb27e57fa327e6438ae1c382bdb2153) Importer(815301076,1909f56bfc062723c751e8b465ee728b)  -> (artifact id: '3c1fca6239dafdb603aa0bf5ac32efa1') in 0.024483 seconds 
========================================================================
Received Import Request.
  Time since last request: 0.000020 seconds.
  path: Assets/KPOP_Ryu/Textures/T_RYU_CASUAL_CLOTHES_Metallic.png
  artifactKey: Guid(045c888608d23f94c92f7c599c6b08e9) Importer(815301076,1909f56bfc062723c751e8b465ee728b)
Start importing Assets/KPOP_Ryu/Textures/T_RYU_CASUAL_CLOTHES_Metallic.png using Guid(045c888608d23f94c92f7c599c6b08e9) Importer(815301076,1909f56bfc062723c751e8b465ee728b)  -> (artifact id: 'e76d01f6ef3a3d1f5c1e02e1e3acaac3') in 0.022323 seconds 
========================================================================
Received Import Request.
  Time since last request: 0.000042 seconds.
  path: Assets/KPOP_Ryu/Textures/T_RYU_CASUAL_CLOTHES_Roughness.png
  artifactKey: Guid(30e370ba5f0d8c441a49a6d3c4ee48f0) Importer(815301076,1909f56bfc062723c751e8b465ee728b)
Start importing Assets/KPOP_Ryu/Textures/T_RYU_CASUAL_CLOTHES_Roughness.png using Guid(30e370ba5f0d8c441a49a6d3c4ee48f0) Importer(815301076,1909f56bfc062723c751e8b465ee728b)  -> (artifact id: '3ededbf7c1026f9e478bc1488911466c') in 0.023570 seconds 
========================================================================
Received Import Request.
  Time since last request: 0.000024 seconds.
  path: Assets/KPOP_Ryu/Textures/T_RYU_BODY_MatID.png
  artifactKey: Guid(239a8a7af06f82c4c89d7c8b5ea14ae9) Importer(815301076,1909f56bfc062723c751e8b465ee728b)
Start importing Assets/KPOP_Ryu/Textures/T_RYU_BODY_MatID.png using Guid(239a8a7af06f82c4c89d7c8b5ea14ae9) Importer(815301076,1909f56bfc062723c751e8b465ee728b)  -> (artifact id: 'bb671da866fe37b74bbbd8923f874d12') in 0.022004 seconds 
========================================================================
Received Import Request.
  Time since last request: 0.000023 seconds.
  path: Assets/KPOP_Ryu/Base_mesh/SK_RYU_AllPartsTogether.fbx
  artifactKey: Guid(dd30c92c5196d674896873a5ab3e61ec) Importer(815301076,1909f56bfc062723c751e8b465ee728b)
Start importing Assets/KPOP_Ryu/Base_mesh/SK_RYU_AllPartsTogether.fbx using Guid(dd30c92c5196d674896873a5ab3e61ec) Importer(815301076,1909f56bfc062723c751e8b465ee728b)  -> (artifact id: '1f3ec824af8a79460699c52a997e2867') in 0.923134 seconds 
========================================================================
Received Import Request.
  Time since last request: 0.000029 seconds.
  path: Assets/KPOP_Ryu/Textures/T_RYU_HAIR_WAVY_specular.png
  artifactKey: Guid(d97671da8fc137f4e98bd8ae7544a7ec) Importer(815301076,1909f56bfc062723c751e8b465ee728b)
Start importing Assets/KPOP_Ryu/Textures/T_RYU_HAIR_WAVY_specular.png using Guid(d97671da8fc137f4e98bd8ae7544a7ec) Importer(815301076,1909f56bfc062723c751e8b465ee728b)  -> (artifact id: '5f058e3535715155c1d22bf7dbf3d65d') in 0.033546 seconds 
========================================================================
Received Import Request.
  Time since last request: 0.000038 seconds.
  path: Assets/KPOP_Ryu/Textures/T_RYU_PERF_CLOTHES_BaseColor_Blue.png
  artifactKey: Guid(4191968a54ebd184080f4845b1003ea1) Importer(815301076,1909f56bfc062723c751e8b465ee728b)
Start importing Assets/KPOP_Ryu/Textures/T_RYU_PERF_CLOTHES_BaseColor_Blue.png using Guid(4191968a54ebd184080f4845b1003ea1) Importer(815301076,1909f56bfc062723c751e8b465ee728b)  -> (artifact id: '5c4c69a0e33ef953de95b7c3b5c4825d') in 0.042998 seconds 
========================================================================
Received Import Request.
  Time since last request: 0.000027 seconds.
  path: Assets/KPOP_Ryu/Textures/T_RYU_EYES_BASECOLOR_YELLOW.png
  artifactKey: Guid(e73e6863f10b35845b56b045965cc6f4) Importer(815301076,1909f56bfc062723c751e8b465ee728b)
Start importing Assets/KPOP_Ryu/Textures/T_RYU_EYES_BASECOLOR_YELLOW.png using Guid(e73e6863f10b35845b56b045965cc6f4) Importer(815301076,1909f56bfc062723c751e8b465ee728b)  -> (artifact id: 'd04418c0e53323db5fe99b1642b333a3') in 0.021325 seconds 
========================================================================
Received Import Request.
  Time since last request: 0.000021 seconds.
  path: Assets/KPOP_Ryu/Textures/T_RYU_EYES_BASECOLOR_BLUE.png
  artifactKey: Guid(9ee5e79157a3c0846bf6cb49a01f6a0d) Importer(815301076,1909f56bfc062723c751e8b465ee728b)
Start importing Assets/KPOP_Ryu/Textures/T_RYU_EYES_BASECOLOR_BLUE.png using Guid(9ee5e79157a3c0846bf6cb49a01f6a0d) Importer(815301076,1909f56bfc062723c751e8b465ee728b)  -> (artifact id: '549f1bbb25375ba723985b82f828faf0') in 0.019898 seconds 
========================================================================
Received Import Request.
  Time since last request: 0.000023 seconds.
  path: Assets/KPOP_Ryu/Textures/T_RYU_HAIR_WAVY_normal.png
  artifactKey: Guid(50dca1d25d84e604687a1f283dc8005d) Importer(815301076,1909f56bfc062723c751e8b465ee728b)
Start importing Assets/KPOP_Ryu/Textures/T_RYU_HAIR_WAVY_normal.png using Guid(50dca1d25d84e604687a1f283dc8005d) Importer(815301076,1909f56bfc062723c751e8b465ee728b)  -> (artifact id: '7caa5dbbabcd21e00249bc41ad24aab2') in 0.033469 seconds 
========================================================================
Received Import Request.
  Time since last request: 0.000034 seconds.
  path: Assets/KPOP_Ryu/Textures/T_RYU_PERF_CLOTHES_AO.png
  artifactKey: Guid(1826572636d7fbe43b7eddedba7a462e) Importer(815301076,1909f56bfc062723c751e8b465ee728b)
Start importing Assets/KPOP_Ryu/Textures/T_RYU_PERF_CLOTHES_AO.png using Guid(1826572636d7fbe43b7eddedba7a462e) Importer(815301076,1909f56bfc062723c751e8b465ee728b)  -> (artifact id: '1289d8da3ed3c438504f64e485143a1c') in 0.016171 seconds 
========================================================================
Received Import Request.
  Time since last request: 0.000066 seconds.
  path: Assets/KPOP_Ryu/Textures/T_RYU_HAIR_WAVY_ambient.png
  artifactKey: Guid(8bf00b7b354863e48a5dc766fc7e3417) Importer(815301076,1909f56bfc062723c751e8b465ee728b)
Start importing Assets/KPOP_Ryu/Textures/T_RYU_HAIR_WAVY_ambient.png using Guid(8bf00b7b354863e48a5dc766fc7e3417) Importer(815301076,1909f56bfc062723c751e8b465ee728b)  -> (artifact id: 'ca2f4b49661709434780f8cbbb8bb4ce') in 0.023780 seconds 
========================================================================
Received Import Request.
  Time since last request: 0.000036 seconds.
  path: Assets/KPOP_Ryu/Render pipeline/KPOP_Ryu Built-in.unity
  artifactKey: Guid(d4b0f8c838a44974c8daaf914ba010eb) Importer(815301076,1909f56bfc062723c751e8b465ee728b)
Start importing Assets/KPOP_Ryu/Render pipeline/KPOP_Ryu Built-in.unity using Guid(d4b0f8c838a44974c8daaf914ba010eb) Importer(815301076,1909f56bfc062723c751e8b465ee728b)  -> (artifact id: 'f0b755b2dbcfee13ddf3980057f5d597') in 0.007612 seconds 
========================================================================
Received Import Request.
  Time since last request: 0.000031 seconds.
  path: Assets/KPOP_Ryu/Textures/T_RYU_EYES_MATID.png
  artifactKey: Guid(63891ecf206bca243a48dabf7937de40) Importer(815301076,1909f56bfc062723c751e8b465ee728b)
Start importing Assets/KPOP_Ryu/Textures/T_RYU_EYES_MATID.png using Guid(63891ecf206bca243a48dabf7937de40) Importer(815301076,1909f56bfc062723c751e8b465ee728b)  -> (artifact id: '618dbd65dcd4e9baaada243d8d23263f') in 0.021094 seconds 
========================================================================
Received Import Request.
  Time since last request: 0.000033 seconds.
  path: Assets/KPOP_Ryu/Textures/T_RYU_EYES_BASECOLOR_RED.png
  artifactKey: Guid(c8d944db7f84b5341ac876a6402e8f41) Importer(815301076,1909f56bfc062723c751e8b465ee728b)
Start importing Assets/KPOP_Ryu/Textures/T_RYU_EYES_BASECOLOR_RED.png using Guid(c8d944db7f84b5341ac876a6402e8f41) Importer(815301076,1909f56bfc062723c751e8b465ee728b)  -> (artifact id: '956df5ae1c38a724e64d2298c0bb45fd') in 0.022035 seconds 
========================================================================
Received Import Request.
  Time since last request: 0.000021 seconds.
  path: Assets/KPOP_Ryu/Textures/T_RYU_HAIR_WAVY_BaseColor_Black.png
  artifactKey: Guid(9abddfc60089af245981678e8af0260f) Importer(815301076,1909f56bfc062723c751e8b465ee728b)
Start importing Assets/KPOP_Ryu/Textures/T_RYU_HAIR_WAVY_BaseColor_Black.png using Guid(9abddfc60089af245981678e8af0260f) Importer(815301076,1909f56bfc062723c751e8b465ee728b)  -> (artifact id: '05b189f9e11985f4cf07aee7a1172385') in 0.027408 seconds 
========================================================================
Received Import Request.
  Time since last request: 0.000023 seconds.
  path: Assets/KPOP_Ryu/Textures/T_RYU_HAIR_WAVY_alpha_2.tga
  artifactKey: Guid(c22dbee2cfd578140b054f3152e3fc23) Importer(815301076,1909f56bfc062723c751e8b465ee728b)
Start importing Assets/KPOP_Ryu/Textures/T_RYU_HAIR_WAVY_alpha_2.tga using Guid(c22dbee2cfd578140b054f3152e3fc23) Importer(815301076,1909f56bfc062723c751e8b465ee728b)  -> (artifact id: '4a2618710fa074f5de215c70ced35353') in 0.022236 seconds 
========================================================================
Received Import Request.
  Time since last request: 0.000027 seconds.
  path: Assets/KPOP_Ryu/Textures/T_RYU_EYES_emissive.png
  artifactKey: Guid(2eb791d7101d4714abd6df0071229677) Importer(815301076,1909f56bfc062723c751e8b465ee728b)
Start importing Assets/KPOP_Ryu/Textures/T_RYU_EYES_emissive.png using Guid(2eb791d7101d4714abd6df0071229677) Importer(815301076,1909f56bfc062723c751e8b465ee728b)  -> (artifact id: 'ce61090e0d88142e411c36d21b63db18') in 0.015154 seconds 
========================================================================
Received Import Request.
  Time since last request: 0.000025 seconds.
  path: Assets/KPOP_Ryu/Textures/T_RYU_Teeth_AO.png
  artifactKey: Guid(09c49c69502b1df48bf7c9dba4b8759b) Importer(815301076,1909f56bfc062723c751e8b465ee728b)
Start importing Assets/KPOP_Ryu/Textures/T_RYU_Teeth_AO.png using Guid(09c49c69502b1df48bf7c9dba4b8759b) Importer(815301076,1909f56bfc062723c751e8b465ee728b)  -> (artifact id: '7dc0732cb353cdaaeec4bda65ff2c9a0') in 0.014059 seconds 
========================================================================
Received Import Request.
  Time since last request: 0.000026 seconds.
  path: Assets/KPOP_Ryu/Textures/T_RYU_HAIR_WAVY_alpha_2.tga.png
  artifactKey: Guid(99816ff374db0f241ab07ba9d96280e8) Importer(815301076,1909f56bfc062723c751e8b465ee728b)
Start importing Assets/KPOP_Ryu/Textures/T_RYU_HAIR_WAVY_alpha_2.tga.png using Guid(99816ff374db0f241ab07ba9d96280e8) Importer(815301076,1909f56bfc062723c751e8b465ee728b)  -> (artifact id: '5dc651071cb6f26bc66aefecd05650dc') in 0.018951 seconds 
